<?xml version="1.0" encoding="UTF-8"?>
<!-- Generated by org.testng.reporters.JUnitReportReporter -->
<testsuite hostname="QJ07300329" name="com.inrythm.app.testcases" tests="1" failures="0" timestamp="4 May 2021 15:50:18 GMT" time="0.550" errors="0">
  <testcase name="testscenarios" time="0.550" classname="com.inrythm.app.testcases"/>
</testsuite> <!-- com.inrythm.app.testcases -->
